#
# There is insufficient memory for the Java Runtime Environment to continue.
# Native memory allocation (malloc) failed to allocate 284176 bytes for Chunk::new
# Possible reasons:
#   The system is out of physical RAM or swap space
#   The process is running with CompressedOops enabled, and the Java Heap may be blocking the growth of the native heap
# Possible solutions:
#   Reduce memory load on the system
#   Increase physical memory or swap space
#   Check if swap backing store is full
#   Decrease Java heap size (-Xmx/-Xms)
#   Decrease number of Java threads
#   Decrease Java thread stack sizes (-Xss)
#   Set larger code cache with -XX:ReservedCodeCacheSize=
#   JVM is running with Unscaled Compressed Oops mode in which the Java heap is
#     placed in the first 4GB address space. The Java Heap base address is the
#     maximum limit for the native heap growth. Please use -XX:HeapBaseMinAddress
#     to set the Java Heap base and to place the Java Heap above 4GB virtual address.
# This output file may be truncated or incomplete.
#
#  Out of Memory Error (arena.cpp:189), pid=18068, tid=22932
#
# JRE version: OpenJDK Runtime Environment Temurin-17.0.3+7 (17.0.3+7) (build 17.0.3+7)
# Java VM: OpenJDK 64-Bit Server VM Temurin-17.0.3+7 (17.0.3+7, mixed mode, tiered, compressed oops, compressed class ptrs, parallel gc, windows-amd64)
# No core dump will be written. Minidumps are not enabled by default on client versions of Windows
#

---------------  S U M M A R Y ------------

Command Line: --add-modules=ALL-SYSTEM --add-opens=java.base/java.util=ALL-UNNAMED --add-opens=java.base/java.lang=ALL-UNNAMED --add-opens=java.base/sun.nio.fs=ALL-UNNAMED -Declipse.application=org.eclipse.jdt.ls.core.id1 -Dosgi.bundles.defaultStartLevel=4 -Declipse.product=org.eclipse.jdt.ls.core.product -Djava.import.generatesMetadataFilesAtProjectRoot=false -Dfile.encoding=utf8 -DwatchParentProcess=false -XX:+UseParallelGC -XX:GCTimeRatio=4 -XX:AdaptiveSizePolicyWeight=90 -Dsun.zip.disableMemoryMapping=true -Xmx1G -Xms100m -javaagent:c:\Users\deiss\.vscode\extensions\redhat.java-1.9.0-win32-x64\lombok\lombok-1.18.24.jar -XX:+HeapDumpOnOutOfMemoryError -XX:HeapDumpPath=c:\Users\deiss\AppData\Roaming\Code\User\workspaceStorage\44f587515e9c26bd042258afc106e040\redhat.java c:\Users\deiss\.vscode\extensions\redhat.java-1.9.0-win32-x64\server\plugins\org.eclipse.equinox.launcher_1.6.400.v20210924-0641.jar -configuration c:\Users\deiss\AppData\Roaming\Code\User\globalStorage\redhat.java\1.9.0\config_win -data c:\Users\deiss\AppData\Roaming\Code\User\workspaceStorage\44f587515e9c26bd042258afc106e040\redhat.java\jdt_ws

Host: Intel(R) Celeron(R) J4025 CPU @ 2.00GHz, 2 cores, 3G,  Windows 11 , 64 bit Build 22000 (10.0.22000.708)
Time: Mon Aug 15 19:38:22 2022 Hora est. Pacífico, Sudamérica elapsed time: 291.784800 seconds (0d 0h 4m 51s)

---------------  T H R E A D  ---------------

Current thread (0x000001a77d352a40):  JavaThread "C2 CompilerThread0" daemon [_thread_in_native, id=22932, stack(0x000000a31a000000,0x000000a31a100000)]


Current CompileTask:
C2: 292023 8773       4       java.util.regex.Pattern::escape (1327 bytes)

Stack: [0x000000a31a000000,0x000000a31a100000]
Native frames: (J=compiled Java code, j=interpreted, Vv=VM code, C=native code)
V  [jvm.dll+0x675efa]
V  [jvm.dll+0x830a24]
V  [jvm.dll+0x8321ce]
V  [jvm.dll+0x832833]
V  [jvm.dll+0x2454b5]
V  [jvm.dll+0xabd7b]
V  [jvm.dll+0xac30c]
V  [jvm.dll+0x3635d2]
V  [jvm.dll+0x32dca1]
V  [jvm.dll+0x32d14a]
V  [jvm.dll+0x218361]
V  [jvm.dll+0x217781]
V  [jvm.dll+0x1a3ccd]
V  [jvm.dll+0x227178]
V  [jvm.dll+0x2252bc]
V  [jvm.dll+0x7e673b]
V  [jvm.dll+0x7e0cfa]
V  [jvm.dll+0x674d85]
C  [ucrtbase.dll+0x26c0c]
C  [KERNEL32.DLL+0x154e0]
C  [ntdll.dll+0x485b]


---------------  P R O C E S S  ---------------

Threads class SMR info:
_java_thread_list=0x000001a77e89a080, length=24, elements={
0x000001a769543ca0, 0x000001a77d311050, 0x000001a77d312020, 0x000001a77d34c020,
0x000001a77d34c9e0, 0x000001a77d34f3a0, 0x000001a77d34fd50, 0x000001a77d352a40,
0x000001a77d3b7030, 0x000001a77d3b7dd0, 0x000001a769600880, 0x000001a77e915a70,
0x000001a77eb98420, 0x000001a77ec774f0, 0x000001a77f1f68c0, 0x000001a77f01f500,
0x000001a77ec4b870, 0x000001a77ec4aa00, 0x000001a77ec47eb0, 0x000001a77ec48d20,
0x000001a77ec4b3a0, 0x000001a77ec48380, 0x000001a77ec48850, 0x000001a77ec496c0
}

Java Threads: ( => current thread )
  0x000001a769543ca0 JavaThread "main" [_thread_blocked, id=16928, stack(0x000000a319600000,0x000000a319700000)]
  0x000001a77d311050 JavaThread "Reference Handler" daemon [_thread_blocked, id=8632, stack(0x000000a319a00000,0x000000a319b00000)]
  0x000001a77d312020 JavaThread "Finalizer" daemon [_thread_blocked, id=20516, stack(0x000000a319b00000,0x000000a319c00000)]
  0x000001a77d34c020 JavaThread "Signal Dispatcher" daemon [_thread_blocked, id=23152, stack(0x000000a319c00000,0x000000a319d00000)]
  0x000001a77d34c9e0 JavaThread "Attach Listener" daemon [_thread_blocked, id=3200, stack(0x000000a319d00000,0x000000a319e00000)]
  0x000001a77d34f3a0 JavaThread "Service Thread" daemon [_thread_blocked, id=23200, stack(0x000000a319e00000,0x000000a319f00000)]
  0x000001a77d34fd50 JavaThread "Monitor Deflation Thread" daemon [_thread_blocked, id=23340, stack(0x000000a319f00000,0x000000a31a000000)]
=>0x000001a77d352a40 JavaThread "C2 CompilerThread0" daemon [_thread_in_native, id=22932, stack(0x000000a31a000000,0x000000a31a100000)]
  0x000001a77d3b7030 JavaThread "C1 CompilerThread0" daemon [_thread_blocked, id=19788, stack(0x000000a31a100000,0x000000a31a200000)]
  0x000001a77d3b7dd0 JavaThread "Sweeper thread" daemon [_thread_blocked, id=14828, stack(0x000000a31a200000,0x000000a31a300000)]
  0x000001a769600880 JavaThread "Common-Cleaner" daemon [_thread_blocked, id=17208, stack(0x000000a31a300000,0x000000a31a400000)]
  0x000001a77e915a70 JavaThread "Notification Thread" daemon [_thread_blocked, id=11164, stack(0x000000a31a400000,0x000000a31a500000)]
  0x000001a77eb98420 JavaThread "Active Thread: Equinox Container: 16f18c39-a31d-4517-af9a-31ed5480a673" [_thread_blocked, id=20624, stack(0x000000a31a700000,0x000000a31a800000)]
  0x000001a77ec774f0 JavaThread "Framework Event Dispatcher: Equinox Container: 16f18c39-a31d-4517-af9a-31ed5480a673" daemon [_thread_blocked, id=20588, stack(0x000000a31a800000,0x000000a31a900000)]
  0x000001a77f1f68c0 JavaThread "Start Level: Equinox Container: 16f18c39-a31d-4517-af9a-31ed5480a673" daemon [_thread_blocked, id=16748, stack(0x000000a31a900000,0x000000a31aa00000)]
  0x000001a77f01f500 JavaThread "SCR Component Actor" daemon [_thread_blocked, id=22444, stack(0x000000a31aa00000,0x000000a31ab00000)]
  0x000001a77ec4b870 JavaThread "Bundle File Closer" daemon [_thread_blocked, id=364, stack(0x000000a31ab00000,0x000000a31ac00000)]
  0x000001a77ec4aa00 JavaThread "Worker-JM" [_thread_blocked, id=8960, stack(0x000000a31ad00000,0x000000a31ae00000)]
  0x000001a77ec47eb0 JavaThread "Worker-0: Initialize workspace" [_thread_blocked, id=14840, stack(0x000000a31ac00000,0x000000a31ad00000)]
  0x000001a77ec48d20 JavaThread "Worker-2: Compacting resource model" [_thread_blocked, id=20188, stack(0x000000a31b000000,0x000000a31b100000)]
  0x000001a77ec4b3a0 JavaThread "Worker-3" [_thread_blocked, id=19400, stack(0x000000a31b100000,0x000000a31b200000)]
  0x000001a77ec48380 JavaThread "Java indexing" daemon [_thread_blocked, id=17540, stack(0x000000a319500000,0x000000a319600000)]
  0x000001a77ec48850 JavaThread "pool-1-thread-1" [_thread_in_native, id=22292, stack(0x000000a31b200000,0x000000a31b300000)]
  0x000001a77ec496c0 JavaThread "Worker-4: Building" [_thread_in_native, id=23176, stack(0x000000a31b500000,0x000000a31b600000)]

Other Threads:
  0x000001a77d2f94c0 VMThread "VM Thread" [stack: 0x000000a319900000,0x000000a319a00000] [id=21820]
  0x000001a77e915f40 WatcherThread [stack: 0x000000a31a500000,0x000000a31a600000] [id=22688]
  0x000001a7695595d0 GCTaskThread "GC Thread#0" [stack: 0x000000a319800000,0x000000a319900000] [id=14220]
  0x000001a77ee49c60 GCTaskThread "GC Thread#1" [stack: 0x000000a31a600000,0x000000a31a700000] [id=21076]

Threads with active compile tasks:
C2 CompilerThread0   368989 8773       4       java.util.regex.Pattern::escape (1327 bytes)

VM state: not at safepoint (normal execution)

VM Mutex/Monitor currently owned by a thread: None

Heap address: 0x00000000c0000000, size: 1024 MB, Compressed Oops mode: 32-bit

CDS archive(s) not mapped
Compressed class space mapped at: 0x0000000100000000-0x0000000140000000, reserved size: 1073741824
Narrow klass base: 0x0000000000000000, Narrow klass shift: 3, Narrow klass range: 0x140000000

GC Precious Log:
 CPUs: 2 total, 2 available
 Memory: 3843M
 Large Page Support: Disabled
 NUMA Support: Disabled
 Compressed Oops: Enabled (32-bit)
 Alignments: Space 512K, Generation 512K, Heap 2M
 Heap Min Capacity: 100M
 Heap Initial Capacity: 100M
 Heap Max Capacity: 1G
 Pre-touch: Disabled
 Parallel Workers: 2

Heap:
 PSYoungGen      total 15360K, used 8038K [0x00000000eab00000, 0x00000000ebb80000, 0x0000000100000000)
  eden space 14848K, 51% used [0x00000000eab00000,0x00000000eb2818c0,0x00000000eb980000)
  from space 512K, 68% used [0x00000000ebb00000,0x00000000ebb58000,0x00000000ebb80000)
  to   space 512K, 0% used [0x00000000eba80000,0x00000000eba80000,0x00000000ebb00000)
 ParOldGen       total 68608K, used 56091K [0x00000000c0000000, 0x00000000c4300000, 0x00000000eab00000)
  object space 68608K, 81% used [0x00000000c0000000,0x00000000c36c6d60,0x00000000c4300000)
 Metaspace       used 60548K, committed 61696K, reserved 1105920K
  class space    used 6269K, committed 6784K, reserved 1048576K

Card table byte_map: [0x000001a768f00000,0x000001a769110000] _byte_map_base: 0x000001a768900000

Marking Bits: (ParMarkBitMap*) 0x00007ffe82154b80
 Begin Bits: [0x000001a77b1d0000, 0x000001a77c1d0000)
 End Bits:   [0x000001a77c1d0000, 0x000001a77d1d0000)

Polling page: 0x000001a7674c0000

Metaspace:

Usage:
  Non-class:     53.01 MB used.
      Class:      6.12 MB used.
       Both:     59.13 MB used.

Virtual space:
  Non-class space:       56.00 MB reserved,      53.62 MB ( 96%) committed,  7 nodes.
      Class space:        1.00 GB reserved,       6.62 MB ( <1%) committed,  1 nodes.
             Both:        1.05 GB reserved,      60.25 MB (  6%) committed. 

Chunk freelists:
   Non-Class:  1.89 MB
       Class:  1.26 MB
        Both:  3.15 MB

MaxMetaspaceSize: unlimited
CompressedClassSpaceSize: 1.00 GB
Initial GC threshold: 21.00 MB
Current GC threshold: 97.31 MB
CDS: off
MetaspaceReclaimPolicy: balanced
 - commit_granule_bytes: 65536.
 - commit_granule_words: 8192.
 - virtual_space_node_default_size: 1048576.
 - enlarge_chunks_in_place: 1.
 - new_chunks_are_fully_committed: 0.
 - uncommit_free_chunks: 1.
 - use_allocation_guard: 0.
 - handle_deallocations: 1.


Internal statistics:

num_allocs_failed_limit: 9.
num_arena_births: 650.
num_arena_deaths: 14.
num_vsnodes_births: 8.
num_vsnodes_deaths: 0.
num_space_committed: 964.
num_space_uncommitted: 0.
num_chunks_returned_to_freelist: 23.
num_chunks_taken_from_freelist: 2939.
num_chunk_merges: 13.
num_chunk_splits: 1919.
num_chunks_enlarged: 1225.
num_purges: 2.
num_inconsistent_stats: 0.

CodeHeap 'non-profiled nmethods': size=120064Kb used=4853Kb max_used=4853Kb free=115210Kb
 bounds [0x000001a773c90000, 0x000001a774150000, 0x000001a77b1d0000]
CodeHeap 'profiled nmethods': size=120000Kb used=15839Kb max_used=15839Kb free=104160Kb
 bounds [0x000001a76c760000, 0x000001a76d6e0000, 0x000001a773c90000]
CodeHeap 'non-nmethods': size=5696Kb used=1320Kb max_used=1386Kb free=4375Kb
 bounds [0x000001a76c1d0000, 0x000001a76c440000, 0x000001a76c760000]
 total_blobs=8159 nmethods=7499 adapters=575
 compilation: enabled
              stopped_count=0, restarted_count=0
 full_count=0

Compilation events (20 events):
Event: 276.055 Thread 0x000001a77d3b7030 nmethod 8766 0x000001a774104810 code [0x000001a7741049a0, 0x000001a774104a78]
Event: 276.116 Thread 0x000001a77d3b7030 8767       3       java.util.Arrays$ArrayList::toArray (47 bytes)
Event: 276.187 Thread 0x000001a77d3b7030 nmethod 8767 0x000001a76d6ab410 code [0x000001a76d6ab600, 0x000001a76d6abb58]
Event: 277.769 Thread 0x000001a77d3b7030 8769       1       org.eclipse.aether.resolution.ArtifactDescriptorResult::getDependencies (5 bytes)
Event: 277.769 Thread 0x000001a77d3b7030 nmethod 8769 0x000001a774104510 code [0x000001a7741046a0, 0x000001a774104778]
Event: 280.140 Thread 0x000001a77d352a40 8770       4       org.apache.maven.model.io.xpp3.MavenXpp3Reader::nextTag (64 bytes)
Event: 280.142 Thread 0x000001a77d352a40 nmethod 8770 0x000001a774104090 code [0x000001a774104220, 0x000001a774104338]
Event: 280.143 Thread 0x000001a77d3b7030 8771       3       org.eclipse.aether.graph.Dependency::setArtifact (34 bytes)
Event: 280.144 Thread 0x000001a77d3b7030 nmethod 8771 0x000001a76d6abd10 code [0x000001a76d6abec0, 0x000001a76d6ac1b8]
Event: 280.144 Thread 0x000001a77d3b7030 8772       3       org.eclipse.aether.artifact.AbstractArtifact::equals (139 bytes)
Event: 280.146 Thread 0x000001a77d3b7030 nmethod 8772 0x000001a76d6ac310 code [0x000001a76d6ac640, 0x000001a76d6add88]
Event: 285.852 Thread 0x000001a77d352a40 8773       4       java.util.regex.Pattern::escape (1327 bytes)
Event: 286.844 Thread 0x000001a77d3b7030 8774       3       org.apache.maven.repository.internal.ArtifactDescriptorUtils::toRepositoryPolicy (52 bytes)
Event: 286.844 Thread 0x000001a77d3b7030 nmethod 8774 0x000001a76d6ae390 code [0x000001a76d6ae580, 0x000001a76d6aea18]
Event: 286.844 Thread 0x000001a77d3b7030 8775       3       org.apache.maven.model.building.ModelData::getId (49 bytes)
Event: 286.845 Thread 0x000001a77d3b7030 nmethod 8775 0x000001a76d6aec10 code [0x000001a76d6aeea0, 0x000001a76d6af838]
Event: 286.845 Thread 0x000001a77d3b7030 8776       1       org.eclipse.aether.collection.DependencyManagement::getVersion (5 bytes)
Event: 286.845 Thread 0x000001a77d3b7030 nmethod 8776 0x000001a774103d90 code [0x000001a774103f20, 0x000001a774103ff8]
Event: 286.845 Thread 0x000001a77d3b7030 8777       1       org.eclipse.aether.util.version.GenericVersionConstraint::getRange (5 bytes)
Event: 286.845 Thread 0x000001a77d3b7030 nmethod 8777 0x000001a774103a90 code [0x000001a774103c20, 0x000001a774103cf8]

GC Heap History (20 events):
Event: 175.660 GC heap before
{Heap before GC invocations=36 (full 2):
 PSYoungGen      total 19456K, used 18611K [0x00000000eab00000, 0x00000000ebf80000, 0x0000000100000000)
  eden space 17920K, 99% used [0x00000000eab00000,0x00000000ebc7fff0,0x00000000ebc80000)
  from space 1536K, 45% used [0x00000000ebd00000,0x00000000ebdacfe0,0x00000000ebe80000)
  to   space 1024K, 0% used [0x00000000ebe80000,0x00000000ebe80000,0x00000000ebf80000)
 ParOldGen       total 68608K, used 46928K [0x00000000c0000000, 0x00000000c4300000, 0x00000000eab00000)
  object space 68608K, 68% used [0x00000000c0000000,0x00000000c2dd4348,0x00000000c4300000)
 Metaspace       used 57695K, committed 58816K, reserved 1105920K
  class space    used 6059K, committed 6592K, reserved 1048576K
}
Event: 175.663 GC heap after
{Heap after GC invocations=36 (full 2):
 PSYoungGen      total 18432K, used 308K [0x00000000eab00000, 0x00000000ebf00000, 0x0000000100000000)
  eden space 17920K, 0% used [0x00000000eab00000,0x00000000eab00000,0x00000000ebc80000)
  from space 512K, 60% used [0x00000000ebe80000,0x00000000ebecd200,0x00000000ebf00000)
  to   space 512K, 0% used [0x00000000ebe00000,0x00000000ebe00000,0x00000000ebe80000)
 ParOldGen       total 68608K, used 47117K [0x00000000c0000000, 0x00000000c4300000, 0x00000000eab00000)
  object space 68608K, 68% used [0x00000000c0000000,0x00000000c2e03560,0x00000000c4300000)
 Metaspace       used 57695K, committed 58816K, reserved 1105920K
  class space    used 6059K, committed 6592K, reserved 1048576K
}
Event: 178.686 GC heap before
{Heap before GC invocations=37 (full 2):
 PSYoungGen      total 18432K, used 18228K [0x00000000eab00000, 0x00000000ebf00000, 0x0000000100000000)
  eden space 17920K, 99% used [0x00000000eab00000,0x00000000ebc7fff0,0x00000000ebc80000)
  from space 512K, 60% used [0x00000000ebe80000,0x00000000ebecd200,0x00000000ebf00000)
  to   space 512K, 0% used [0x00000000ebe00000,0x00000000ebe00000,0x00000000ebe80000)
 ParOldGen       total 68608K, used 47117K [0x00000000c0000000, 0x00000000c4300000, 0x00000000eab00000)
  object space 68608K, 68% used [0x00000000c0000000,0x00000000c2e03560,0x00000000c4300000)
 Metaspace       used 57884K, committed 59008K, reserved 1105920K
  class space    used 6075K, committed 6592K, reserved 1048576K
}
Event: 178.689 GC heap after
{Heap after GC invocations=37 (full 2):
 PSYoungGen      total 18432K, used 464K [0x00000000eab00000, 0x00000000ebf00000, 0x0000000100000000)
  eden space 17920K, 0% used [0x00000000eab00000,0x00000000eab00000,0x00000000ebc80000)
  from space 512K, 90% used [0x00000000ebe00000,0x00000000ebe74010,0x00000000ebe80000)
  to   space 512K, 0% used [0x00000000ebe80000,0x00000000ebe80000,0x00000000ebf00000)
 ParOldGen       total 68608K, used 47297K [0x00000000c0000000, 0x00000000c4300000, 0x00000000eab00000)
  object space 68608K, 68% used [0x00000000c0000000,0x00000000c2e30760,0x00000000c4300000)
 Metaspace       used 57884K, committed 59008K, reserved 1105920K
  class space    used 6075K, committed 6592K, reserved 1048576K
}
Event: 215.405 GC heap before
{Heap before GC invocations=38 (full 2):
 PSYoungGen      total 18432K, used 18384K [0x00000000eab00000, 0x00000000ebf00000, 0x0000000100000000)
  eden space 17920K, 100% used [0x00000000eab00000,0x00000000ebc80000,0x00000000ebc80000)
  from space 512K, 90% used [0x00000000ebe00000,0x00000000ebe74010,0x00000000ebe80000)
  to   space 512K, 0% used [0x00000000ebe80000,0x00000000ebe80000,0x00000000ebf00000)
 ParOldGen       total 68608K, used 47297K [0x00000000c0000000, 0x00000000c4300000, 0x00000000eab00000)
  object space 68608K, 68% used [0x00000000c0000000,0x00000000c2e30760,0x00000000c4300000)
 Metaspace       used 57951K, committed 59136K, reserved 1105920K
  class space    used 6082K, committed 6592K, reserved 1048576K
}
Event: 215.409 GC heap after
{Heap after GC invocations=38 (full 2):
 PSYoungGen      total 15872K, used 497K [0x00000000eab00000, 0x00000000ec580000, 0x0000000100000000)
  eden space 15360K, 0% used [0x00000000eab00000,0x00000000eab00000,0x00000000eba00000)
  from space 512K, 97% used [0x00000000ebe80000,0x00000000ebefc670,0x00000000ebf00000)
  to   space 4608K, 0% used [0x00000000eba00000,0x00000000eba00000,0x00000000ebe80000)
 ParOldGen       total 68608K, used 50414K [0x00000000c0000000, 0x00000000c4300000, 0x00000000eab00000)
  object space 68608K, 73% used [0x00000000c0000000,0x00000000c313b9b0,0x00000000c4300000)
 Metaspace       used 57951K, committed 59136K, reserved 1105920K
  class space    used 6082K, committed 6592K, reserved 1048576K
}
Event: 223.543 GC heap before
{Heap before GC invocations=39 (full 2):
 PSYoungGen      total 15872K, used 15857K [0x00000000eab00000, 0x00000000ec580000, 0x0000000100000000)
  eden space 15360K, 100% used [0x00000000eab00000,0x00000000eba00000,0x00000000eba00000)
  from space 512K, 97% used [0x00000000ebe80000,0x00000000ebefc670,0x00000000ebf00000)
  to   space 4608K, 0% used [0x00000000eba00000,0x00000000eba00000,0x00000000ebe80000)
 ParOldGen       total 68608K, used 50414K [0x00000000c0000000, 0x00000000c4300000, 0x00000000eab00000)
  object space 68608K, 73% used [0x00000000c0000000,0x00000000c313b9b0,0x00000000c4300000)
 Metaspace       used 58613K, committed 59776K, reserved 1105920K
  class space    used 6138K, committed 6656K, reserved 1048576K
}
Event: 223.550 GC heap after
{Heap after GC invocations=39 (full 2):
 PSYoungGen      total 17920K, used 2123K [0x00000000eab00000, 0x00000000ec000000, 0x0000000100000000)
  eden space 15360K, 0% used [0x00000000eab00000,0x00000000eab00000,0x00000000eba00000)
  from space 2560K, 82% used [0x00000000eba00000,0x00000000ebc12e40,0x00000000ebc80000)
  to   space 3072K, 0% used [0x00000000ebd00000,0x00000000ebd00000,0x00000000ec000000)
 ParOldGen       total 68608K, used 50895K [0x00000000c0000000, 0x00000000c4300000, 0x00000000eab00000)
  object space 68608K, 74% used [0x00000000c0000000,0x00000000c31b3d00,0x00000000c4300000)
 Metaspace       used 58613K, committed 59776K, reserved 1105920K
  class space    used 6138K, committed 6656K, reserved 1048576K
}
Event: 224.378 GC heap before
{Heap before GC invocations=40 (full 2):
 PSYoungGen      total 17920K, used 3408K [0x00000000eab00000, 0x00000000ec000000, 0x0000000100000000)
  eden space 15360K, 8% used [0x00000000eab00000,0x00000000eac413d0,0x00000000eba00000)
  from space 2560K, 82% used [0x00000000eba00000,0x00000000ebc12e40,0x00000000ebc80000)
  to   space 3072K, 0% used [0x00000000ebd00000,0x00000000ebd00000,0x00000000ec000000)
 ParOldGen       total 68608K, used 50895K [0x00000000c0000000, 0x00000000c4300000, 0x00000000eab00000)
  object space 68608K, 74% used [0x00000000c0000000,0x00000000c31b3d00,0x00000000c4300000)
 Metaspace       used 58664K, committed 59776K, reserved 1105920K
  class space    used 6139K, committed 6656K, reserved 1048576K
}
Event: 224.383 GC heap after
{Heap after GC invocations=40 (full 2):
 PSYoungGen      total 15872K, used 160K [0x00000000eab00000, 0x00000000ebd80000, 0x0000000100000000)
  eden space 15360K, 0% used [0x00000000eab00000,0x00000000eab00000,0x00000000eba00000)
  from space 512K, 31% used [0x00000000ebd00000,0x00000000ebd28000,0x00000000ebd80000)
  to   space 1024K, 0% used [0x00000000ebb80000,0x00000000ebb80000,0x00000000ebc80000)
 ParOldGen       total 68608K, used 52948K [0x00000000c0000000, 0x00000000c4300000, 0x00000000eab00000)
  object space 68608K, 77% used [0x00000000c0000000,0x00000000c33b5098,0x00000000c4300000)
 Metaspace       used 58664K, committed 59776K, reserved 1105920K
  class space    used 6139K, committed 6656K, reserved 1048576K
}
Event: 224.383 GC heap before
{Heap before GC invocations=41 (full 3):
 PSYoungGen      total 15872K, used 160K [0x00000000eab00000, 0x00000000ebd80000, 0x0000000100000000)
  eden space 15360K, 0% used [0x00000000eab00000,0x00000000eab00000,0x00000000eba00000)
  from space 512K, 31% used [0x00000000ebd00000,0x00000000ebd28000,0x00000000ebd80000)
  to   space 1024K, 0% used [0x00000000ebb80000,0x00000000ebb80000,0x00000000ebc80000)
 ParOldGen       total 68608K, used 52948K [0x00000000c0000000, 0x00000000c4300000, 0x00000000eab00000)
  object space 68608K, 77% used [0x00000000c0000000,0x00000000c33b5098,0x00000000c4300000)
 Metaspace       used 58664K, committed 59776K, reserved 1105920K
  class space    used 6139K, committed 6656K, reserved 1048576K
}
Event: 224.948 GC heap after
{Heap after GC invocations=41 (full 3):
 PSYoungGen      total 15872K, used 0K [0x00000000eab00000, 0x00000000ebd80000, 0x0000000100000000)
  eden space 15360K, 0% used [0x00000000eab00000,0x00000000eab00000,0x00000000eba00000)
  from space 512K, 0% used [0x00000000ebd00000,0x00000000ebd00000,0x00000000ebd80000)
  to   space 1024K, 0% used [0x00000000ebb80000,0x00000000ebb80000,0x00000000ebc80000)
 ParOldGen       total 68608K, used 50735K [0x00000000c0000000, 0x00000000c4300000, 0x00000000eab00000)
  object space 68608K, 73% used [0x00000000c0000000,0x00000000c318be78,0x00000000c4300000)
 Metaspace       used 58664K, committed 59776K, reserved 1105920K
  class space    used 6139K, committed 6656K, reserved 1048576K
}
Event: 231.087 GC heap before
{Heap before GC invocations=42 (full 3):
 PSYoungGen      total 15872K, used 15360K [0x00000000eab00000, 0x00000000ebd80000, 0x0000000100000000)
  eden space 15360K, 100% used [0x00000000eab00000,0x00000000eba00000,0x00000000eba00000)
  from space 512K, 0% used [0x00000000ebd00000,0x00000000ebd00000,0x00000000ebd80000)
  to   space 1024K, 0% used [0x00000000ebb80000,0x00000000ebb80000,0x00000000ebc80000)
 ParOldGen       total 68608K, used 50735K [0x00000000c0000000, 0x00000000c4300000, 0x00000000eab00000)
  object space 68608K, 73% used [0x00000000c0000000,0x00000000c318be78,0x00000000c4300000)
 Metaspace       used 59227K, committed 60288K, reserved 1105920K
  class space    used 6175K, committed 6656K, reserved 1048576K
}
Event: 231.090 GC heap after
{Heap after GC invocations=42 (full 3):
 PSYoungGen      total 16384K, used 928K [0x00000000eab00000, 0x00000000ebd80000, 0x0000000100000000)
  eden space 15360K, 0% used [0x00000000eab00000,0x00000000eab00000,0x00000000eba00000)
  from space 1024K, 90% used [0x00000000ebb80000,0x00000000ebc68000,0x00000000ebc80000)
  to   space 1024K, 0% used [0x00000000ebc80000,0x00000000ebc80000,0x00000000ebd80000)
 ParOldGen       total 68608K, used 50743K [0x00000000c0000000, 0x00000000c4300000, 0x00000000eab00000)
  object space 68608K, 73% used [0x00000000c0000000,0x00000000c318de78,0x00000000c4300000)
 Metaspace       used 59227K, committed 60288K, reserved 1105920K
  class space    used 6175K, committed 6656K, reserved 1048576K
}
Event: 242.671 GC heap before
{Heap before GC invocations=43 (full 3):
 PSYoungGen      total 16384K, used 16288K [0x00000000eab00000, 0x00000000ebd80000, 0x0000000100000000)
  eden space 15360K, 100% used [0x00000000eab00000,0x00000000eba00000,0x00000000eba00000)
  from space 1024K, 90% used [0x00000000ebb80000,0x00000000ebc68000,0x00000000ebc80000)
  to   space 1024K, 0% used [0x00000000ebc80000,0x00000000ebc80000,0x00000000ebd80000)
 ParOldGen       total 68608K, used 50743K [0x00000000c0000000, 0x00000000c4300000, 0x00000000eab00000)
  object space 68608K, 73% used [0x00000000c0000000,0x00000000c318de78,0x00000000c4300000)
 Metaspace       used 60051K, committed 61248K, reserved 1105920K
  class space    used 6246K, committed 6784K, reserved 1048576K
}
Event: 242.677 GC heap after
{Heap after GC invocations=43 (full 3):
 PSYoungGen      total 15872K, used 1024K [0x00000000eab00000, 0x00000000ec000000, 0x0000000100000000)
  eden space 14848K, 0% used [0x00000000eab00000,0x00000000eab00000,0x00000000eb980000)
  from space 1024K, 100% used [0x00000000ebc80000,0x00000000ebd80000,0x00000000ebd80000)
  to   space 3072K, 0% used [0x00000000eb980000,0x00000000eb980000,0x00000000ebc80000)
 ParOldGen       total 68608K, used 52357K [0x00000000c0000000, 0x00000000c4300000, 0x00000000eab00000)
  object space 68608K, 76% used [0x00000000c0000000,0x00000000c33217d8,0x00000000c4300000)
 Metaspace       used 60051K, committed 61248K, reserved 1105920K
  class space    used 6246K, committed 6784K, reserved 1048576K
}
Event: 244.886 GC heap before
{Heap before GC invocations=44 (full 3):
 PSYoungGen      total 15872K, used 15872K [0x00000000eab00000, 0x00000000ec000000, 0x0000000100000000)
  eden space 14848K, 100% used [0x00000000eab00000,0x00000000eb980000,0x00000000eb980000)
  from space 1024K, 100% used [0x00000000ebc80000,0x00000000ebd80000,0x00000000ebd80000)
  to   space 3072K, 0% used [0x00000000eb980000,0x00000000eb980000,0x00000000ebc80000)
 ParOldGen       total 68608K, used 52357K [0x00000000c0000000, 0x00000000c4300000, 0x00000000eab00000)
  object space 68608K, 76% used [0x00000000c0000000,0x00000000c33217d8,0x00000000c4300000)
 Metaspace       used 60180K, committed 61312K, reserved 1105920K
  class space    used 6246K, committed 6784K, reserved 1048576K
}
Event: 244.891 GC heap after
{Heap after GC invocations=44 (full 3):
 PSYoungGen      total 16384K, used 1504K [0x00000000eab00000, 0x00000000ebd80000, 0x0000000100000000)
  eden space 14848K, 0% used [0x00000000eab00000,0x00000000eab00000,0x00000000eb980000)
  from space 1536K, 97% used [0x00000000eb980000,0x00000000ebaf8020,0x00000000ebb00000)
  to   space 2048K, 0% used [0x00000000ebb80000,0x00000000ebb80000,0x00000000ebd80000)
 ParOldGen       total 68608K, used 53385K [0x00000000c0000000, 0x00000000c4300000, 0x00000000eab00000)
  object space 68608K, 77% used [0x00000000c0000000,0x00000000c34227e8,0x00000000c4300000)
 Metaspace       used 60180K, committed 61312K, reserved 1105920K
  class space    used 6246K, committed 6784K, reserved 1048576K
}
Event: 252.191 GC heap before
{Heap before GC invocations=45 (full 3):
 PSYoungGen      total 16384K, used 16352K [0x00000000eab00000, 0x00000000ebd80000, 0x0000000100000000)
  eden space 14848K, 100% used [0x00000000eab00000,0x00000000eb980000,0x00000000eb980000)
  from space 1536K, 97% used [0x00000000eb980000,0x00000000ebaf8020,0x00000000ebb00000)
  to   space 2048K, 0% used [0x00000000ebb80000,0x00000000ebb80000,0x00000000ebd80000)
 ParOldGen       total 68608K, used 53385K [0x00000000c0000000, 0x00000000c4300000, 0x00000000eab00000)
  object space 68608K, 77% used [0x00000000c0000000,0x00000000c34227e8,0x00000000c4300000)
 Metaspace       used 60407K, committed 61504K, reserved 1105920K
  class space    used 6267K, committed 6784K, reserved 1048576K
}
Event: 252.205 GC heap after
{Heap after GC invocations=45 (full 3):
 PSYoungGen      total 16384K, used 1232K [0x00000000eab00000, 0x00000000ebd00000, 0x0000000100000000)
  eden space 14848K, 0% used [0x00000000eab00000,0x00000000eab00000,0x00000000eb980000)
  from space 1536K, 80% used [0x00000000ebb80000,0x00000000ebcb4010,0x00000000ebd00000)
  to   space 1536K, 0% used [0x00000000eb980000,0x00000000eb980000,0x00000000ebb00000)
 ParOldGen       total 68608K, used 54630K [0x00000000c0000000, 0x00000000c4300000, 0x00000000eab00000)
  object space 68608K, 79% used [0x00000000c0000000,0x00000000c35599f8,0x00000000c4300000)
 Metaspace       used 60407K, committed 61504K, reserved 1105920K
  class space    used 6267K, committed 6784K, reserved 1048576K
}

Deoptimization events (20 events):
Event: 251.461 Thread 0x000001a77ec496c0 Uncommon trap: trap_request=0xffffff45 fr.pc=0x000001a77411779c relative=0x00000000000001bc
Event: 251.461 Thread 0x000001a77ec496c0 Uncommon trap: reason=unstable_if action=reinterpret pc=0x000001a77411779c method=org.apache.maven.model.ConfigurationContainer.getLocation(Ljava/lang/Object;)Lorg/apache/maven/model/InputLocation; @ 18 c2
Event: 251.461 Thread 0x000001a77ec496c0 DEOPT PACKING pc=0x000001a77411779c sp=0x000000a31b5fbbb0
Event: 251.461 Thread 0x000001a77ec496c0 DEOPT UNPACKING pc=0x000001a76c22209d sp=0x000000a31b5fbb50 mode 2
Event: 255.948 Thread 0x000001a77ec496c0 Uncommon trap: trap_request=0xffffffde fr.pc=0x000001a7741110b4 relative=0x0000000000000474
Event: 255.948 Thread 0x000001a77ec496c0 Uncommon trap: reason=class_check action=maybe_recompile pc=0x000001a7741110b4 method=org.codehaus.plexus.interpolation.MapBasedValueSource.getValue(Ljava/lang/String;)Ljava/lang/Object; @ 16 c2
Event: 255.948 Thread 0x000001a77ec496c0 DEOPT PACKING pc=0x000001a7741110b4 sp=0x000000a31b5fc3a0
Event: 255.948 Thread 0x000001a77ec496c0 DEOPT UNPACKING pc=0x000001a76c22209d sp=0x000000a31b5fc358 mode 2
Event: 255.948 Thread 0x000001a77ec496c0 Uncommon trap: trap_request=0xffffffde fr.pc=0x000001a7741110b4 relative=0x0000000000000474
Event: 255.948 Thread 0x000001a77ec496c0 Uncommon trap: reason=class_check action=maybe_recompile pc=0x000001a7741110b4 method=org.codehaus.plexus.interpolation.MapBasedValueSource.getValue(Ljava/lang/String;)Ljava/lang/Object; @ 16 c2
Event: 255.948 Thread 0x000001a77ec496c0 DEOPT PACKING pc=0x000001a7741110b4 sp=0x000000a31b5fc3a0
Event: 255.948 Thread 0x000001a77ec496c0 DEOPT UNPACKING pc=0x000001a76c22209d sp=0x000000a31b5fc358 mode 2
Event: 255.948 Thread 0x000001a77ec496c0 Uncommon trap: trap_request=0xffffffde fr.pc=0x000001a7741110b4 relative=0x0000000000000474
Event: 255.948 Thread 0x000001a77ec496c0 Uncommon trap: reason=class_check action=maybe_recompile pc=0x000001a7741110b4 method=org.codehaus.plexus.interpolation.MapBasedValueSource.getValue(Ljava/lang/String;)Ljava/lang/Object; @ 16 c2
Event: 255.948 Thread 0x000001a77ec496c0 DEOPT PACKING pc=0x000001a7741110b4 sp=0x000000a31b5fc3a0
Event: 255.948 Thread 0x000001a77ec496c0 DEOPT UNPACKING pc=0x000001a76c22209d sp=0x000000a31b5fc358 mode 2
Event: 255.948 Thread 0x000001a77ec496c0 Uncommon trap: trap_request=0xffffffde fr.pc=0x000001a7741110b4 relative=0x0000000000000474
Event: 255.948 Thread 0x000001a77ec496c0 Uncommon trap: reason=class_check action=maybe_recompile pc=0x000001a7741110b4 method=org.codehaus.plexus.interpolation.MapBasedValueSource.getValue(Ljava/lang/String;)Ljava/lang/Object; @ 16 c2
Event: 255.948 Thread 0x000001a77ec496c0 DEOPT PACKING pc=0x000001a7741110b4 sp=0x000000a31b5fc510
Event: 255.948 Thread 0x000001a77ec496c0 DEOPT UNPACKING pc=0x000001a76c22209d sp=0x000000a31b5fc4c8 mode 2

Classes unloaded (7 events):
Event: 35.159 Thread 0x000001a77d2f94c0 Unloading class 0x0000000100218800 'java/lang/invoke/LambdaForm$MH+0x0000000100218800'
Event: 35.159 Thread 0x000001a77d2f94c0 Unloading class 0x0000000100218400 'java/lang/invoke/LambdaForm$MH+0x0000000100218400'
Event: 35.159 Thread 0x000001a77d2f94c0 Unloading class 0x0000000100218000 'java/lang/invoke/LambdaForm$MH+0x0000000100218000'
Event: 35.159 Thread 0x000001a77d2f94c0 Unloading class 0x0000000100217800 'java/lang/invoke/LambdaForm$MH+0x0000000100217800'
Event: 35.159 Thread 0x000001a77d2f94c0 Unloading class 0x0000000100217400 'java/lang/invoke/LambdaForm$BMH+0x0000000100217400'
Event: 35.159 Thread 0x000001a77d2f94c0 Unloading class 0x0000000100217000 'java/lang/invoke/LambdaForm$DMH+0x0000000100217000'
Event: 35.159 Thread 0x000001a77d2f94c0 Unloading class 0x0000000100214400 'java/lang/invoke/LambdaForm$DMH+0x0000000100214400'

Classes redefined (0 events):
No events

Internal exceptions (20 events):
Event: 226.180 Thread 0x000001a77ec48d20 Exception <a 'sun/nio/fs/WindowsException'{0x00000000ead2b5b0}> (0x00000000ead2b5b0) 
thrown [e:\jenkins\tmp\workspace\build\src\src\hotspot\share\prims\jni.cpp, line 516]
Event: 226.197 Thread 0x000001a77ec48d20 Exception <a 'sun/nio/fs/WindowsException'{0x00000000ead365f0}> (0x00000000ead365f0) 
thrown [e:\jenkins\tmp\workspace\build\src\src\hotspot\share\prims\jni.cpp, line 516]
Event: 226.409 Thread 0x000001a77ec48d20 Exception <a 'sun/nio/fs/WindowsException'{0x00000000ead42590}> (0x00000000ead42590) 
thrown [e:\jenkins\tmp\workspace\build\src\src\hotspot\share\prims\jni.cpp, line 516]
Event: 226.799 Thread 0x000001a77ec48d20 Exception <a 'sun/nio/fs/WindowsException'{0x00000000eaddd9b0}> (0x00000000eaddd9b0) 
thrown [e:\jenkins\tmp\workspace\build\src\src\hotspot\share\prims\jni.cpp, line 516]
Event: 226.813 Thread 0x000001a77ec48d20 Exception <a 'sun/nio/fs/WindowsException'{0x00000000eade85b8}> (0x00000000eade85b8) 
thrown [e:\jenkins\tmp\workspace\build\src\src\hotspot\share\prims\jni.cpp, line 516]
Event: 226.826 Thread 0x000001a77ec48d20 Exception <a 'sun/nio/fs/WindowsException'{0x00000000eadf54e8}> (0x00000000eadf54e8) 
thrown [e:\jenkins\tmp\workspace\build\src\src\hotspot\share\prims\jni.cpp, line 516]
Event: 226.854 Thread 0x000001a77ec48d20 Exception <a 'sun/nio/fs/WindowsException'{0x00000000eae02c58}> (0x00000000eae02c58) 
thrown [e:\jenkins\tmp\workspace\build\src\src\hotspot\share\prims\jni.cpp, line 516]
Event: 226.884 Thread 0x000001a77ec48d20 Exception <a 'sun/nio/fs/WindowsException'{0x00000000eae0ff10}> (0x00000000eae0ff10) 
thrown [e:\jenkins\tmp\workspace\build\src\src\hotspot\share\prims\jni.cpp, line 516]
Event: 226.899 Thread 0x000001a77ec48d20 Exception <a 'sun/nio/fs/WindowsException'{0x00000000eae1faf0}> (0x00000000eae1faf0) 
thrown [e:\jenkins\tmp\workspace\build\src\src\hotspot\share\prims\jni.cpp, line 516]
Event: 226.900 Thread 0x000001a77ec48d20 Exception <a 'sun/nio/fs/WindowsException'{0x00000000eae202b0}> (0x00000000eae202b0) 
thrown [e:\jenkins\tmp\workspace\build\src\src\hotspot\share\prims\jni.cpp, line 516]
Event: 226.901 Thread 0x000001a77ec48d20 Exception <a 'sun/nio/fs/WindowsException'{0x00000000eae20ae8}> (0x00000000eae20ae8) 
thrown [e:\jenkins\tmp\workspace\build\src\src\hotspot\share\prims\jni.cpp, line 516]
Event: 227.039 Thread 0x000001a77ec48d20 Exception <a 'sun/nio/fs/WindowsException'{0x00000000eae269f8}> (0x00000000eae269f8) 
thrown [e:\jenkins\tmp\workspace\build\src\src\hotspot\share\prims\jni.cpp, line 516]
Event: 227.043 Thread 0x000001a77ec48d20 Exception <a 'sun/nio/fs/WindowsException'{0x00000000eae2b8d0}> (0x00000000eae2b8d0) 
thrown [e:\jenkins\tmp\workspace\build\src\src\hotspot\share\prims\jni.cpp, line 516]
Event: 227.046 Thread 0x000001a77ec48d20 Exception <a 'sun/nio/fs/WindowsException'{0x00000000eae30fe8}> (0x00000000eae30fe8) 
thrown [e:\jenkins\tmp\workspace\build\src\src\hotspot\share\prims\jni.cpp, line 516]
Event: 227.054 Thread 0x000001a77ec48d20 Implicit null exception at 0x000001a7740fcb3f to 0x000001a7740fe6c8
Event: 227.056 Thread 0x000001a77ec48d20 Implicit null exception at 0x000001a7740db6e1 to 0x000001a7740dbd48
Event: 229.668 Thread 0x000001a77ec48d20 Exception <a 'sun/nio/fs/WindowsException'{0x00000000eb5f08b8}> (0x00000000eb5f08b8) 
thrown [e:\jenkins\tmp\workspace\build\src\src\hotspot\share\prims\jni.cpp, line 516]
Event: 231.173 Thread 0x000001a77ec496c0 Exception <a 'java/lang/NoSuchMethodError'{0x00000000eab27ea8}: 'java.lang.Object java.lang.invoke.DirectMethodHandle$Holder.newInvokeSpecial(java.lang.Object, java.lang.Object, int, java.lang.Object, java.lang.Object)'> (0x00000000eab27ea8) 
thrown [e:\jenkins\tmp\workspace\build\src\src\hotspot\share\interpreter\linkResolver.cpp, line 766]
Event: 231.173 Thread 0x000001a77ec496c0 Exception <a 'java/lang/NoSuchMethodError'{0x00000000eab2c3e8}: 'java.lang.Object java.lang.invoke.DirectMethodHandle$Holder.invokeSpecial(java.lang.Object, java.lang.Object, java.lang.Object, int, java.lang.Object, java.lang.Object)'> (0x00000000eab2c3e8) 
thrown [e:\jenkins\tmp\workspace\build\src\src\hotspot\share\interpreter\linkResolver.cpp, line 766]
Event: 246.676 Thread 0x000001a77ec496c0 Implicit null exception at 0x000001a773f458ec to 0x000001a773f45990

VM Operations (20 events):
Event: 253.326 Executing VM operation: Cleanup
Event: 253.326 Executing VM operation: Cleanup done
Event: 256.376 Executing VM operation: Cleanup
Event: 256.376 Executing VM operation: Cleanup done
Event: 258.387 Executing VM operation: Cleanup
Event: 258.387 Executing VM operation: Cleanup done
Event: 267.457 Executing VM operation: Cleanup
Event: 267.457 Executing VM operation: Cleanup done
Event: 269.484 Executing VM operation: Cleanup
Event: 269.484 Executing VM operation: Cleanup done
Event: 270.497 Executing VM operation: Cleanup
Event: 270.497 Executing VM operation: Cleanup done
Event: 273.519 Executing VM operation: Cleanup
Event: 273.519 Executing VM operation: Cleanup done
Event: 275.530 Executing VM operation: Cleanup
Event: 275.530 Executing VM operation: Cleanup done
Event: 276.531 Executing VM operation: Cleanup
Event: 276.531 Executing VM operation: Cleanup done
Event: 280.563 Executing VM operation: Cleanup
Event: 280.563 Executing VM operation: Cleanup done

Events (20 events):
Event: 225.583 loading class java/util/stream/Nodes$IntFixedNodeBuilder
Event: 225.583 loading class java/util/stream/Node$Builder$OfInt
Event: 225.583 loading class java/util/stream/Node$Builder$OfInt done
Event: 225.583 loading class java/util/stream/Nodes$IntArrayNode
Event: 225.583 loading class java/util/stream/Nodes$IntArrayNode done
Event: 225.583 loading class java/util/stream/Nodes$IntFixedNodeBuilder done
Event: 225.583 loading class java/util/stream/ReferencePipeline$4$1
Event: 225.584 loading class java/util/stream/ReferencePipeline$4$1 done
Event: 225.656 Thread 0x000001a77ec49b90 Thread exited: 0x000001a77ec49b90
Event: 226.413 Thread 0x000001a703aac060 Thread exited: 0x000001a703aac060
Event: 229.002 Thread 0x000001a703ab33e0 Thread added: 0x000001a703ab33e0
Event: 229.662 Thread 0x000001a703ab33e0 Thread exited: 0x000001a703ab33e0
Event: 231.202 loading class java/util/Collections$2
Event: 231.203 loading class java/util/Collections$2 done
Event: 233.157 loading class java/text/DontCareFieldPosition
Event: 233.157 loading class java/text/DontCareFieldPosition done
Event: 233.159 loading class java/text/DontCareFieldPosition$1
Event: 233.159 loading class java/text/Format$FieldDelegate
Event: 233.159 loading class java/text/Format$FieldDelegate done
Event: 233.159 loading class java/text/DontCareFieldPosition$1 done


Dynamic libraries:
0x00007ff7b3ad0000 - 0x00007ff7b3ade000 	c:\Users\deiss\.vscode\extensions\redhat.java-1.9.0-win32-x64\jre\17.0.3-win32-x86_64\bin\java.exe
0x00007ffeef680000 - 0x00007ffeef889000 	C:\WINDOWS\SYSTEM32\ntdll.dll
0x00007ffeee400000 - 0x00007ffeee4bd000 	C:\WINDOWS\System32\KERNEL32.DLL
0x00007ffeecc50000 - 0x00007ffeecfcd000 	C:\WINDOWS\System32\KERNELBASE.dll
0x00007ffeecfd0000 - 0x00007ffeed0e1000 	C:\WINDOWS\System32\ucrtbase.dll
0x00007ffee7340000 - 0x00007ffee7358000 	c:\Users\deiss\.vscode\extensions\redhat.java-1.9.0-win32-x64\jre\17.0.3-win32-x86_64\bin\jli.dll
0x00007ffeed4e0000 - 0x00007ffeed68d000 	C:\WINDOWS\System32\USER32.dll
0x00007ffeed2d0000 - 0x00007ffeed2f6000 	C:\WINDOWS\System32\win32u.dll
0x00007ffeedd60000 - 0x00007ffeedd89000 	C:\WINDOWS\System32\GDI32.dll
0x00007ffeecb30000 - 0x00007ffeecc48000 	C:\WINDOWS\System32\gdi32full.dll
0x00007ffeed230000 - 0x00007ffeed2cd000 	C:\WINDOWS\System32\msvcp_win.dll
0x00007ffee7310000 - 0x00007ffee7329000 	c:\Users\deiss\.vscode\extensions\redhat.java-1.9.0-win32-x64\jre\17.0.3-win32-x86_64\bin\VCRUNTIME140.dll
0x00007ffed0bc0000 - 0x00007ffed0e65000 	C:\WINDOWS\WinSxS\amd64_microsoft.windows.common-controls_6595b64144ccf1df_6.0.22000.120_none_9d947278b86cc467\COMCTL32.dll
0x00007ffeedcb0000 - 0x00007ffeedd53000 	C:\WINDOWS\System32\msvcrt.dll
0x00007ffeee4c0000 - 0x00007ffeee4f1000 	C:\WINDOWS\System32\IMM32.DLL
0x00007ffee9510000 - 0x00007ffee951c000 	c:\Users\deiss\.vscode\extensions\redhat.java-1.9.0-win32-x64\jre\17.0.3-win32-x86_64\bin\vcruntime140_1.dll
0x00007ffe9d540000 - 0x00007ffe9d5d1000 	c:\Users\deiss\.vscode\extensions\redhat.java-1.9.0-win32-x64\jre\17.0.3-win32-x86_64\bin\msvcp140.dll
0x00007ffe815d0000 - 0x00007ffe82218000 	c:\Users\deiss\.vscode\extensions\redhat.java-1.9.0-win32-x64\jre\17.0.3-win32-x86_64\bin\server\jvm.dll
0x00007ffeee350000 - 0x00007ffeee3fe000 	C:\WINDOWS\System32\ADVAPI32.dll
0x00007ffeee190000 - 0x00007ffeee22e000 	C:\WINDOWS\System32\sechost.dll
0x00007ffeef4d0000 - 0x00007ffeef5f0000 	C:\WINDOWS\System32\RPCRT4.dll
0x00007ffeee340000 - 0x00007ffeee348000 	C:\WINDOWS\System32\PSAPI.DLL
0x00007ffecb450000 - 0x00007ffecb459000 	C:\WINDOWS\SYSTEM32\WSOCK32.dll
0x00007ffeee000000 - 0x00007ffeee06f000 	C:\WINDOWS\System32\WS2_32.dll
0x00007ffee6ed0000 - 0x00007ffee6f03000 	C:\WINDOWS\SYSTEM32\WINMM.dll
0x00007ffee4710000 - 0x00007ffee471a000 	C:\WINDOWS\SYSTEM32\VERSION.dll
0x00007ffeebc30000 - 0x00007ffeebc48000 	C:\WINDOWS\SYSTEM32\kernel.appcore.dll
0x00007ffee9490000 - 0x00007ffee949a000 	c:\Users\deiss\.vscode\extensions\redhat.java-1.9.0-win32-x64\jre\17.0.3-win32-x86_64\bin\jimage.dll
0x00007ffeea810000 - 0x00007ffeeaa31000 	C:\WINDOWS\SYSTEM32\DBGHELP.DLL
0x00007ffece090000 - 0x00007ffece0c1000 	C:\WINDOWS\SYSTEM32\dbgcore.DLL
0x00007ffeed0f0000 - 0x00007ffeed16f000 	C:\WINDOWS\System32\bcryptPrimitives.dll
0x00007ffee8270000 - 0x00007ffee827e000 	c:\Users\deiss\.vscode\extensions\redhat.java-1.9.0-win32-x64\jre\17.0.3-win32-x86_64\bin\instrument.dll
0x00007ffec74d0000 - 0x00007ffec74f5000 	c:\Users\deiss\.vscode\extensions\redhat.java-1.9.0-win32-x64\jre\17.0.3-win32-x86_64\bin\java.dll
0x00007ffec84d0000 - 0x00007ffec84e8000 	c:\Users\deiss\.vscode\extensions\redhat.java-1.9.0-win32-x64\jre\17.0.3-win32-x86_64\bin\zip.dll
0x00007ffeee500000 - 0x00007ffeeecb8000 	C:\WINDOWS\System32\SHELL32.dll
0x00007ffeeaca0000 - 0x00007ffeeb508000 	C:\WINDOWS\SYSTEM32\windows.storage.dll
0x00007ffeed6f0000 - 0x00007ffeeda69000 	C:\WINDOWS\System32\combase.dll
0x00007ffeeab30000 - 0x00007ffeeac96000 	C:\WINDOWS\SYSTEM32\wintypes.dll
0x00007ffeee250000 - 0x00007ffeee33a000 	C:\WINDOWS\System32\SHCORE.dll
0x00007ffeef2f0000 - 0x00007ffeef34d000 	C:\WINDOWS\System32\shlwapi.dll
0x00007ffeeca60000 - 0x00007ffeeca81000 	C:\WINDOWS\SYSTEM32\profapi.dll
0x00007ffec74b0000 - 0x00007ffec74c9000 	C:\Users\deiss\.vscode\extensions\redhat.java-1.9.0-win32-x64\jre\17.0.3-win32-x86_64\bin\net.dll
0x00007ffee6720000 - 0x00007ffee682c000 	C:\WINDOWS\SYSTEM32\WINHTTP.dll
0x00007ffeec060000 - 0x00007ffeec0c7000 	C:\WINDOWS\system32\mswsock.dll
0x00007ffec5f40000 - 0x00007ffec5f55000 	C:\Users\deiss\.vscode\extensions\redhat.java-1.9.0-win32-x64\jre\17.0.3-win32-x86_64\bin\nio.dll
0x00007ffee6b20000 - 0x00007ffee6b30000 	c:\Users\deiss\.vscode\extensions\redhat.java-1.9.0-win32-x64\jre\17.0.3-win32-x86_64\bin\verify.dll
0x00007ffebf3f0000 - 0x00007ffebf42e000 	C:\Users\deiss\AppData\Roaming\Code\User\globalStorage\redhat.java\1.9.0\config_win\org.eclipse.equinox.launcher\org.eclipse.equinox.launcher.win32.win32.x86_64_1.2.500.v20220509-0833\eclipse_11700.dll
0x00007ffeef130000 - 0x00007ffeef2ca000 	C:\WINDOWS\System32\ole32.dll
0x00007ffeec2a0000 - 0x00007ffeec2b8000 	C:\WINDOWS\SYSTEM32\CRYPTSP.dll
0x00007ffeebb90000 - 0x00007ffeebbc5000 	C:\WINDOWS\system32\rsaenh.dll
0x00007ffeec150000 - 0x00007ffeec179000 	C:\WINDOWS\SYSTEM32\USERENV.dll
0x00007ffeec490000 - 0x00007ffeec4b7000 	C:\WINDOWS\SYSTEM32\bcrypt.dll
0x00007ffeec410000 - 0x00007ffeec41c000 	C:\WINDOWS\SYSTEM32\CRYPTBASE.dll
0x00007ffeeb880000 - 0x00007ffeeb8ad000 	C:\WINDOWS\SYSTEM32\IPHLPAPI.DLL
0x00007ffeee230000 - 0x00007ffeee239000 	C:\WINDOWS\System32\NSI.dll
0x00007ffee6700000 - 0x00007ffee6719000 	C:\WINDOWS\SYSTEM32\dhcpcsvc6.DLL
0x00007ffee6930000 - 0x00007ffee694e000 	C:\WINDOWS\SYSTEM32\dhcpcsvc.DLL
0x00007ffeeb8b0000 - 0x00007ffeeb998000 	C:\WINDOWS\SYSTEM32\DNSAPI.dll
0x00007ffebf310000 - 0x00007ffebf354000 	C:\Users\deiss\AppData\Local\Temp\jna-95465576\jna16178451731891537204.dll

dbghelp: loaded successfully - version: 4.0.5 - missing functions: none
symbol engine: initialized successfully - sym options: 0x614 - pdb path: .;c:\Users\deiss\.vscode\extensions\redhat.java-1.9.0-win32-x64\jre\17.0.3-win32-x86_64\bin;C:\WINDOWS\SYSTEM32;C:\WINDOWS\WinSxS\amd64_microsoft.windows.common-controls_6595b64144ccf1df_6.0.22000.120_none_9d947278b86cc467;c:\Users\deiss\.vscode\extensions\redhat.java-1.9.0-win32-x64\jre\17.0.3-win32-x86_64\bin\server;C:\Users\deiss\AppData\Roaming\Code\User\globalStorage\redhat.java\1.9.0\config_win\org.eclipse.equinox.launcher\org.eclipse.equinox.launcher.win32.win32.x86_64_1.2.500.v20220509-0833;C:\Users\deiss\AppData\Local\Temp\jna-95465576

VM Arguments:
jvm_args: --add-modules=ALL-SYSTEM --add-opens=java.base/java.util=ALL-UNNAMED --add-opens=java.base/java.lang=ALL-UNNAMED --add-opens=java.base/sun.nio.fs=ALL-UNNAMED -Declipse.application=org.eclipse.jdt.ls.core.id1 -Dosgi.bundles.defaultStartLevel=4 -Declipse.product=org.eclipse.jdt.ls.core.product -Djava.import.generatesMetadataFilesAtProjectRoot=false -Dfile.encoding=utf8 -DwatchParentProcess=false -XX:+UseParallelGC -XX:GCTimeRatio=4 -XX:AdaptiveSizePolicyWeight=90 -Dsun.zip.disableMemoryMapping=true -Xmx1G -Xms100m -javaagent:c:\Users\deiss\.vscode\extensions\redhat.java-1.9.0-win32-x64\lombok\lombok-1.18.24.jar -XX:+HeapDumpOnOutOfMemoryError -XX:HeapDumpPath=c:\Users\deiss\AppData\Roaming\Code\User\workspaceStorage\44f587515e9c26bd042258afc106e040\redhat.java 
java_command: c:\Users\deiss\.vscode\extensions\redhat.java-1.9.0-win32-x64\server\plugins\org.eclipse.equinox.launcher_1.6.400.v20210924-0641.jar -configuration c:\Users\deiss\AppData\Roaming\Code\User\globalStorage\redhat.java\1.9.0\config_win -data c:\Users\deiss\AppData\Roaming\Code\User\workspaceStorage\44f587515e9c26bd042258afc106e040\redhat.java\jdt_ws
java_class_path (initial): c:\Users\deiss\.vscode\extensions\redhat.java-1.9.0-win32-x64\server\plugins\org.eclipse.equinox.launcher_1.6.400.v20210924-0641.jar
Launcher Type: SUN_STANDARD

[Global flags]
    uintx AdaptiveSizePolicyWeight                 = 90                                        {product} {command line}
     intx CICompilerCount                          = 2                                         {product} {ergonomic}
    uintx GCTimeRatio                              = 4                                         {product} {command line}
     bool HeapDumpOnOutOfMemoryError               = true                                   {manageable} {command line}
    ccstr HeapDumpPath                             = c:\Users\deiss\AppData\Roaming\Code\User\workspaceStorage\44f587515e9c26bd042258afc106e040\redhat.java         {manageable} {command line}
   size_t InitialHeapSize                          = 104857600                                 {product} {command line}
   size_t MaxHeapSize                              = 1073741824                                {product} {command line}
   size_t MaxNewSize                               = 357564416                                 {product} {ergonomic}
   size_t MinHeapDeltaBytes                        = 524288                                    {product} {ergonomic}
   size_t MinHeapSize                              = 104857600                                 {product} {command line}
   size_t NewSize                                  = 34603008                                  {product} {ergonomic}
    uintx NonNMethodCodeHeapSize                   = 5826188                                {pd product} {ergonomic}
    uintx NonProfiledCodeHeapSize                  = 122916026                              {pd product} {ergonomic}
   size_t OldSize                                  = 70254592                                  {product} {ergonomic}
    uintx ProfiledCodeHeapSize                     = 122916026                              {pd product} {ergonomic}
    uintx ReservedCodeCacheSize                    = 251658240                              {pd product} {ergonomic}
     bool SegmentedCodeCache                       = true                                      {product} {ergonomic}
   size_t SoftMaxHeapSize                          = 1073741824                             {manageable} {ergonomic}
     bool UseCompressedClassPointers               = true                           {product lp64_product} {ergonomic}
     bool UseCompressedOops                        = true                           {product lp64_product} {ergonomic}
     bool UseLargePagesIndividualAllocation        = false                                  {pd product} {ergonomic}
     bool UseParallelGC                            = true                                      {product} {command line}

Logging:
Log output configuration:
 #0: stdout all=warning uptime,level,tags
 #1: stderr all=off uptime,level,tags

Environment Variables:
JAVA_HOME=C:\Users\deiss\AppData\Local\Programs\Eclipse Adoptium\jdk-17.0.2.8-hotspot\
PATH=C:\Program Files\Eclipse Adoptium\jdk-11.0.14.101-hotspot\bin;C:\WINDOWS\system32;C:\WINDOWS;C:\WINDOWS\System32\Wbem;C:\WINDOWS\System32\WindowsPowerShell\v1.0\;C:\WINDOWS\System32\OpenSSH\;C:\Users\deiss\OneDrive\Documentos\java1\apache-maven-3.8.5-bin\apache-maven-3.8.5\bin;C:\Program Files\Git\cmd;C:\Users\deiss\AppData\Local\Programs\Eclipse Adoptium\jdk-17.0.2.8-hotspot\bin;C:\Users\deiss\AppData\Local\Microsoft\WindowsApps;C:\Users\deiss\AppData\Local\Programs\Microsoft VS Code\bin
USERNAME=deiss
OS=Windows_NT
PROCESSOR_IDENTIFIER=Intel64 Family 6 Model 122 Stepping 8, GenuineIntel



---------------  S Y S T E M  ---------------

OS:
 Windows 11 , 64 bit Build 22000 (10.0.22000.708)
OS uptime: 0 days 14:28 hours

CPU: total 2 (initial active 2) (2 cores per cpu, 1 threads per core) family 6 model 122 stepping 8 microcode 0x1a, cx8, cmov, fxsr, mmx, 3dnowpref, sse, sse2, sse3, ssse3, sse4.1, sse4.2, popcnt, tsc, tscinvbit, aes, erms, clmul, sha, clflush, clflushopt

Memory: 4k page, system-wide physical 3843M (383M free)
TotalPageFile size 15619M (AvailPageFile size 0M)
current process WorkingSet (physical memory assigned to process): 67M, peak: 201M
current process commit charge ("private bytes"): 250M, peak: 295M

vm_info: OpenJDK 64-Bit Server VM (17.0.3+7) for windows-amd64 JRE (17.0.3+7), built on Apr 19 2022 16:55:35 by "" with MS VC++ 16.7 (VS2019)

END.
